<?xml version="1.0" encoding="UTF-8"?>
<testsuite xmlns:xsi="http://www.w3.org/2001/XMLSchema-instance" xsi:noNamespaceSchemaLocation="https://maven.apache.org/surefire/maven-surefire-plugin/xsd/surefire-test-report.xsd" name="springbook.UserDaoTest" time="0.98" tests="2" errors="0" skipped="0" failures="0">
  <properties>
    <property name="java.specification.version" value="15"/>
    <property name="sun.cpu.isalist" value="amd64"/>
    <property name="sun.jnu.encoding" value="MS949"/>
    <property name="java.class.path" value="c:\workspace\demo\target\test-classes;c:\workspace\demo\target\classes;C:\Users\KPMoon\.m2\repository\junit\junit\4.12\junit-4.12.jar;C:\Users\KPMoon\.m2\repository\org\hamcrest\hamcrest-core\1.3\hamcrest-core-1.3.jar;C:\Users\KPMoon\.m2\repository\mysql\mysql-connector-java\8.0.27\mysql-connector-java-8.0.27.jar;C:\Users\KPMoon\.m2\repository\com\google\protobuf\protobuf-java\3.11.4\protobuf-java-3.11.4.jar;C:\Users\KPMoon\.m2\repository\org\springframework\spring-core\5.2.18.RELEASE\spring-core-5.2.18.RELEASE.jar;C:\Users\KPMoon\.m2\repository\org\springframework\spring-jcl\5.2.18.RELEASE\spring-jcl-5.2.18.RELEASE.jar;C:\Users\KPMoon\.m2\repository\org\springframework\spring-beans\5.2.18.RELEASE\spring-beans-5.2.18.RELEASE.jar;C:\Users\KPMoon\.m2\repository\org\springframework\spring-context\5.2.18.RELEASE\spring-context-5.2.18.RELEASE.jar;C:\Users\KPMoon\.m2\repository\org\springframework\spring-aop\5.2.18.RELEASE\spring-aop-5.2.18.RELEASE.jar;C:\Users\KPMoon\.m2\repository\commons-logging\commons-logging\1.2\commons-logging-1.2.jar;C:\Users\KPMoon\.m2\repository\org\springframework\spring-expression\5.2.18.RELEASE\spring-expression-5.2.18.RELEASE.jar;C:\Users\KPMoon\.m2\repository\org\springframework\spring-jdbc\5.2.18.RELEASE\spring-jdbc-5.2.18.RELEASE.jar;C:\Users\KPMoon\.m2\repository\org\springframework\spring-tx\5.2.18.RELEASE\spring-tx-5.2.18.RELEASE.jar;C:\Users\KPMoon\.m2\repository\org\springframework\spring-test\5.2.18.RELEASE\spring-test-5.2.18.RELEASE.jar;"/>
    <property name="java.vm.vendor" value="Oracle Corporation"/>
    <property name="sun.arch.data.model" value="64"/>
    <property name="user.variant" value=""/>
    <property name="java.vendor.url" value="https://java.oracle.com/"/>
    <property name="user.timezone" value="Asia/Seoul"/>
    <property name="os.name" value="Windows 10"/>
    <property name="java.vm.specification.version" value="15"/>
    <property name="sun.java.launcher" value="SUN_STANDARD"/>
    <property name="user.country" value="KR"/>
    <property name="sun.boot.library.path" value="C:\jdk-15\bin"/>
    <property name="sun.java.command" value="C:\Users\KPMoon\AppData\Local\Temp\surefire12322742686447638435\surefirebooter17689111984070411872.jar C:\Users\KPMoon\AppData\Local\Temp\surefire12322742686447638435 2021-11-12T13-54-15_252-jvmRun1 surefire17102452738803130411tmp surefire_06867219290449848685tmp"/>
    <property name="jdk.debug" value="release"/>
    <property name="surefire.test.class.path" value="c:\workspace\demo\target\test-classes;c:\workspace\demo\target\classes;C:\Users\KPMoon\.m2\repository\junit\junit\4.12\junit-4.12.jar;C:\Users\KPMoon\.m2\repository\org\hamcrest\hamcrest-core\1.3\hamcrest-core-1.3.jar;C:\Users\KPMoon\.m2\repository\mysql\mysql-connector-java\8.0.27\mysql-connector-java-8.0.27.jar;C:\Users\KPMoon\.m2\repository\com\google\protobuf\protobuf-java\3.11.4\protobuf-java-3.11.4.jar;C:\Users\KPMoon\.m2\repository\org\springframework\spring-core\5.2.18.RELEASE\spring-core-5.2.18.RELEASE.jar;C:\Users\KPMoon\.m2\repository\org\springframework\spring-jcl\5.2.18.RELEASE\spring-jcl-5.2.18.RELEASE.jar;C:\Users\KPMoon\.m2\repository\org\springframework\spring-beans\5.2.18.RELEASE\spring-beans-5.2.18.RELEASE.jar;C:\Users\KPMoon\.m2\repository\org\springframework\spring-context\5.2.18.RELEASE\spring-context-5.2.18.RELEASE.jar;C:\Users\KPMoon\.m2\repository\org\springframework\spring-aop\5.2.18.RELEASE\spring-aop-5.2.18.RELEASE.jar;C:\Users\KPMoon\.m2\repository\commons-logging\commons-logging\1.2\commons-logging-1.2.jar;C:\Users\KPMoon\.m2\repository\org\springframework\spring-expression\5.2.18.RELEASE\spring-expression-5.2.18.RELEASE.jar;C:\Users\KPMoon\.m2\repository\org\springframework\spring-jdbc\5.2.18.RELEASE\spring-jdbc-5.2.18.RELEASE.jar;C:\Users\KPMoon\.m2\repository\org\springframework\spring-tx\5.2.18.RELEASE\spring-tx-5.2.18.RELEASE.jar;C:\Users\KPMoon\.m2\repository\org\springframework\spring-test\5.2.18.RELEASE\spring-test-5.2.18.RELEASE.jar;"/>
    <property name="sun.cpu.endian" value="little"/>
    <property name="user.home" value="C:\Users\KPMoon"/>
    <property name="user.language" value="ko"/>
    <property name="java.specification.vendor" value="Oracle Corporation"/>
    <property name="java.version.date" value="2020-09-15"/>
    <property name="java.home" value="C:\jdk-15"/>
    <property name="file.separator" value="\"/>
    <property name="basedir" value="c:\workspace\demo"/>
    <property name="java.vm.compressedOopsMode" value="32-bit"/>
    <property name="line.separator" value="&#10;"/>
    <property name="java.vm.specification.vendor" value="Oracle Corporation"/>
    <property name="java.specification.name" value="Java Platform API Specification"/>
    <property name="surefire.real.class.path" value="C:\Users\KPMoon\AppData\Local\Temp\surefire12322742686447638435\surefirebooter17689111984070411872.jar"/>
    <property name="user.script" value=""/>
    <property name="sun.management.compiler" value="HotSpot 64-Bit Tiered Compilers"/>
    <property name="java.runtime.version" value="15+36-1562"/>
    <property name="user.name" value="KPMoon"/>
    <property name="path.separator" value=";"/>
    <property name="os.version" value="10.0"/>
    <property name="java.runtime.name" value="OpenJDK Runtime Environment"/>
    <property name="file.encoding" value="MS949"/>
    <property name="java.vm.name" value="OpenJDK 64-Bit Server VM"/>
    <property name="localRepository" value="C:\Users\KPMoon\.m2\repository"/>
    <property name="java.vendor.url.bug" value="https://bugreport.java.com/bugreport/"/>
    <property name="java.io.tmpdir" value="C:\Users\KPMoon\AppData\Local\Temp\"/>
    <property name="java.version" value="15"/>
    <property name="user.dir" value="c:\workspace\demo"/>
    <property name="os.arch" value="amd64"/>
    <property name="java.vm.specification.name" value="Java Virtual Machine Specification"/>
    <property name="sun.os.patch.level" value=""/>
    <property name="java.library.path" value="C:\jdk-15\bin;C:\Windows\Sun\Java\bin;C:\Windows\system32;C:\Windows;C:\Windows\system32;C:\Windows;C:\Windows\System32\Wbem;C:\Windows\System32\WindowsPowerShell\v1.0\;C:\Windows\System32\OpenSSH\;C:\Program Files (x86)\NVIDIA Corporation\PhysX\Common;C:\Program Files\NVIDIA Corporation\NVIDIA NvDLISR;C:\Program Files\MySQL\MySQL Server 8.0\bin;C:\jdk-15\bin;C:\Program Files\Git\cmd;C:\Program Files\MySQL\MySQL Shell 8.0\bin\;C:\Users\KPMoon\AppData\Local\Microsoft\WindowsApps;C:\Users\KPMoon\AppData\Local\Programs\Microsoft VS Code\bin;C:\jdk-15\bin;;C:\Program Files\JetBrains\IntelliJ IDEA Community Edition 2021.1.1\bin;;."/>
    <property name="java.vm.info" value="mixed mode, sharing"/>
    <property name="java.vendor" value="Oracle Corporation"/>
    <property name="java.vm.version" value="15+36-1562"/>
    <property name="sun.io.unicode.encoding" value="UnicodeLittle"/>
    <property name="java.class.version" value="59.0"/>
  </properties>
  <testcase name="addAndGet" classname="springbook.UserDaoTest" time="0.569"/>
  <testcase name="getUserFailture" classname="springbook.UserDaoTest" time="0.024"/>
</testsuite>