<?xml version="1.0" encoding="UTF-8"?>
<beans xmlns="http://www.springframework.org/schema/beans"
       xmlns:xsi="http://www.w3.org/2001/XMLSchema-instance"
       xsi:schemaLocation="http://www.springframework.org/schema/beans http://www.springframework.org/schema/beans/spring-beans.xsd">
    
    <bean id="dataSource" class="org.springframework.jdbc.datasource.SimpleDriverDataSource">
        <property name="driverClass" value="com.mysql.jdbc.Driver"></property>
        <property name="url" value="jdbc:mysql://localhost/test"></property>
        <property name="username" value="root"></property>
        <property name="password" value="ansrlvud1!"></property>
    </bean>

    <bean id="userDao" class="springbook.user.dao.UserDaoJdbc">
        <property name="dataSource" ref="dataSource"></property>
    </bean>

    <bean id="userService" class="springbook.user.service.UserService">
        <property name="userDao" ref="userDao"></property>
        <property name="userLevelPolicy" ref="currentUserLevelPolicy"></property>
        <property name="transactionManager" ref="transactionManager"></property>
    </bean>

    <bean id="currentUserLevelPolicy" class="springbook.user.service.CurrentUserLevelPolicy">
        <property name="userDao" ref="userDao"></property>
        <property name="mailSender" ref="mailSender"></property>
    </bean>

    <bean id="transactionTestUserService" class="springbook.user.service.TransactionTestUserService">
        <property name="userDao" ref="userDao"></property>
        <property name="userLevelPolicy" ref="transactionTestUserLevelPolicy"></property>
        <property name="transactionManager" ref="transactionManager"></property>
    </bean>

    <bean id="transactionTestUserLevelPolicy" class="springbook.user.service.TransactionTestUserLevelPolicy">
        <property name="userDao" ref="userDao"></property>
    </bean>

    <bean id="transactionManager" class="org.springframework.jdbc.datasource.DataSourceTransactionManager">
        <property name="dataSource" ref="dataSource"></property>    
    </bean>

    <bean id="mailSender" class="org.springframework.mail.javamail.JavaMailSenderImpl">
        <property name="host" value="mail.server.com" />
    </bean>
</beans>
